<?xml version="1.0" encoding="UTF-8"?>
<testsuite name="AppTest" tests="2" skipped="0" failures="0" errors="0" timestamp="2021-01-10T18:33:22" hostname="nanas-mbp.home" time="0.001">
  <properties/>
  <testcase name="testAppOne" classname="AppTest" time="0.0"/>
  <testcase name="testAppTwo" classname="AppTest" time="0.0"/>
  <system-out><![CDATA[]]></system-out>
  <system-err><![CDATA[]]></system-err>
</testsuite>
